2018-04-01 02:54:28.473+0000 WARN [o.n.i.p.PageCache] The dbms.memory.pagecache.size setting has not been configured. It is recommended that this setting is always explicitly configured, to ensure the system has a balanced configuration. Until then, a computed heuristic value of 3296079872 bytes will be used instead. Run `neo4j-admin memrec` for memory configuration suggestions.
2018-04-01 02:54:28.803+0000 INFO [o.n.k.i.f.CommunityEditionModule] No locking implementation specified, defaulting to 'community'
2018-04-01 02:54:28.942+0000 INFO [o.n.k.AvailabilityGuard] Requirement makes database unavailable: Database available
2018-04-01 02:54:28.969+0000 INFO [o.n.k.i.DiagnosticsManager] --- INITIALIZED diagnostics START ---
2018-04-01 02:54:28.969+0000 INFO [o.n.k.i.DiagnosticsManager] Neo4j Kernel properties:
2018-04-01 02:54:28.969+0000 INFO [o.n.k.i.DiagnosticsManager] unsupported.dbms.directories.neo4j_home=C:\Users\Dube1\workspace\HW5_COP3710_8586\target\movies-db
2018-04-01 02:54:28.969+0000 INFO [o.n.k.i.DiagnosticsManager] unsupported.dbms.edition=community
2018-04-01 02:54:28.969+0000 INFO [o.n.k.i.DiagnosticsManager] unsupported.dbms.ephemeral=false
2018-04-01 02:54:28.969+0000 INFO [o.n.k.i.DiagnosticsManager] Diagnostics providers:
2018-04-01 02:54:28.969+0000 INFO [o.n.k.i.DiagnosticsManager] org.neo4j.kernel.configuration.Config
2018-04-01 02:54:28.969+0000 INFO [o.n.k.i.DiagnosticsManager] org.neo4j.kernel.info.DiagnosticsManager
2018-04-01 02:54:28.970+0000 INFO [o.n.k.i.DiagnosticsManager] SYSTEM_MEMORY
2018-04-01 02:54:28.970+0000 INFO [o.n.k.i.DiagnosticsManager] JAVA_MEMORY
2018-04-01 02:54:28.970+0000 INFO [o.n.k.i.DiagnosticsManager] OPERATING_SYSTEM
2018-04-01 02:54:28.970+0000 INFO [o.n.k.i.DiagnosticsManager] JAVA_VIRTUAL_MACHINE
2018-04-01 02:54:28.970+0000 INFO [o.n.k.i.DiagnosticsManager] CLASSPATH
2018-04-01 02:54:28.970+0000 INFO [o.n.k.i.DiagnosticsManager] LIBRARY_PATH
2018-04-01 02:54:28.970+0000 INFO [o.n.k.i.DiagnosticsManager] SYSTEM_PROPERTIES
2018-04-01 02:54:28.970+0000 INFO [o.n.k.i.DiagnosticsManager] NETWORK
2018-04-01 02:54:28.970+0000 INFO [o.n.k.i.DiagnosticsManager] System memory information:
2018-04-01 02:54:28.972+0000 INFO [o.n.k.i.DiagnosticsManager] Total Physical memory: 7.89 GB
2018-04-01 02:54:28.973+0000 INFO [o.n.k.i.DiagnosticsManager] Free Physical memory: 3.81 GB
2018-04-01 02:54:28.973+0000 INFO [o.n.k.i.DiagnosticsManager] Committed virtual memory: 296.14 MB
2018-04-01 02:54:28.974+0000 INFO [o.n.k.i.DiagnosticsManager] Total swap space: 9.14 GB
2018-04-01 02:54:28.974+0000 INFO [o.n.k.i.DiagnosticsManager] Free swap space: 3.06 GB
2018-04-01 02:54:28.974+0000 INFO [o.n.k.i.DiagnosticsManager] JVM memory information:
2018-04-01 02:54:28.974+0000 INFO [o.n.k.i.DiagnosticsManager] Free  memory: 97.50 MB
2018-04-01 02:54:28.974+0000 INFO [o.n.k.i.DiagnosticsManager] Total memory: 123.00 MB
2018-04-01 02:54:28.974+0000 INFO [o.n.k.i.DiagnosticsManager] Max   memory: 1.76 GB
2018-04-01 02:54:28.976+0000 INFO [o.n.k.i.DiagnosticsManager] Garbage Collector: PS Scavenge: [PS Eden Space, PS Survivor Space]
2018-04-01 02:54:28.976+0000 INFO [o.n.k.i.DiagnosticsManager] Garbage Collector: PS MarkSweep: [PS Eden Space, PS Survivor Space, PS Old Gen]
2018-04-01 02:54:28.979+0000 INFO [o.n.k.i.DiagnosticsManager] Memory Pool: Code Cache (Non-heap memory): committed=4.56 MB, used=4.51 MB, max=240.00 MB, threshold=0.00 B
2018-04-01 02:54:28.980+0000 INFO [o.n.k.i.DiagnosticsManager] Memory Pool: Metaspace (Non-heap memory): committed=12.63 MB, used=11.90 MB, max=-1.00 B, threshold=0.00 B
2018-04-01 02:54:28.980+0000 INFO [o.n.k.i.DiagnosticsManager] Memory Pool: Compressed Class Space (Non-heap memory): committed=1.88 MB, used=1.61 MB, max=1.00 GB, threshold=0.00 B
2018-04-01 02:54:28.980+0000 INFO [o.n.k.i.DiagnosticsManager] Memory Pool: PS Eden Space (Heap memory): committed=32.50 MB, used=19.08 MB, max=664.00 MB, threshold=?
2018-04-01 02:54:28.980+0000 INFO [o.n.k.i.DiagnosticsManager] Memory Pool: PS Survivor Space (Heap memory): committed=5.00 MB, used=5.00 MB, max=5.00 MB, threshold=?
2018-04-01 02:54:28.980+0000 INFO [o.n.k.i.DiagnosticsManager] Memory Pool: PS Old Gen (Heap memory): committed=85.50 MB, used=1.42 MB, max=1.32 GB, threshold=0.00 B
2018-04-01 02:54:28.980+0000 INFO [o.n.k.i.DiagnosticsManager] Operating system information:
2018-04-01 02:54:28.981+0000 INFO [o.n.k.i.DiagnosticsManager] Operating System: Windows 10; version: 10.0; arch: amd64; cpus: 4
2018-04-01 02:54:28.991+0000 INFO [o.n.k.i.DiagnosticsManager] Process id: 11972@DESKTOP-D8V8O03
2018-04-01 02:54:28.991+0000 INFO [o.n.k.i.DiagnosticsManager] Byte order: LITTLE_ENDIAN
2018-04-01 02:54:28.996+0000 INFO [o.n.k.i.DiagnosticsManager] Local timezone: America/New_York
2018-04-01 02:54:28.996+0000 INFO [o.n.k.i.DiagnosticsManager] JVM information:
2018-04-01 02:54:28.996+0000 INFO [o.n.k.i.DiagnosticsManager] VM Name: Java HotSpot(TM) 64-Bit Server VM
2018-04-01 02:54:28.996+0000 INFO [o.n.k.i.DiagnosticsManager] VM Vendor: Oracle Corporation
2018-04-01 02:54:28.996+0000 INFO [o.n.k.i.DiagnosticsManager] VM Version: 25.131-b11
2018-04-01 02:54:28.997+0000 INFO [o.n.k.i.DiagnosticsManager] JIT compiler: HotSpot 64-Bit Tiered Compilers
2018-04-01 02:54:28.997+0000 INFO [o.n.k.i.DiagnosticsManager] VM Arguments: [-Dfile.encoding=Cp1252]
2018-04-01 02:54:28.997+0000 INFO [o.n.k.i.DiagnosticsManager] Java classpath:
2018-04-01 02:54:28.999+0000 INFO [o.n.k.i.DiagnosticsManager]  [classpath + loader.0] file:/C:/Users/Dube1/.m2/repository/org/neo4j/neo4j-cypher-compiler-3.1/3.1.6/neo4j-cypher-compiler-3.1-3.1.6.jar
2018-04-01 02:54:28.999+0000 INFO [o.n.k.i.DiagnosticsManager]  [classpath + loader.0] file:/C:/Users/Dube1/.m2/repository/org/scala-lang/scala-library/2.11.12/scala-library-2.11.12.jar
2018-04-01 02:54:28.999+0000 INFO [o.n.k.i.DiagnosticsManager]  [classpath + loader.0] file:/C:/Users/Dube1/.m2/repository/org/neo4j/neo4j-lucene-index/3.3.4/neo4j-lucene-index-3.3.4.jar
2018-04-01 02:54:28.999+0000 INFO [o.n.k.i.DiagnosticsManager]  [classpath + loader.0] file:/C:/Users/Dube1/.m2/repository/org/apache/commons/commons-lang3/3.5/commons-lang3-3.5.jar
2018-04-01 02:54:28.999+0000 INFO [o.n.k.i.DiagnosticsManager]  [classpath + loader.0] file:/C:/Users/Dube1/.m2/repository/org/neo4j/neo4j-common/3.3.4/neo4j-common-3.3.4.jar
2018-04-01 02:54:28.999+0000 INFO [o.n.k.i.DiagnosticsManager]  [classpath + loader.0] file:/C:/Users/Dube1/.m2/repository/org/neo4j/neo4j-primitive-collections/3.3.4/neo4j-primitive-collections-3.3.4.jar
2018-04-01 02:54:28.999+0000 INFO [o.n.k.i.DiagnosticsManager]  [classpath + loader.0] file:/C:/Users/Dube1/.m2/repository/org/neo4j/neo4j-index/3.3.4/neo4j-index-3.3.4.jar
2018-04-01 02:54:28.999+0000 INFO [o.n.k.i.DiagnosticsManager]  [classpath + loader.0] file:/C:/Users/Dube1/.m2/repository/org/neo4j/neo4j-cypher-compiler-2.3/2.3.12/neo4j-cypher-compiler-2.3-2.3.12.jar
2018-04-01 02:54:28.999+0000 INFO [o.n.k.i.DiagnosticsManager]  [classpath + loader.0] file:/C:/Users/Dube1/.m2/repository/org/neo4j/neo4j-logging/3.3.4/neo4j-logging-3.3.4.jar
2018-04-01 02:54:28.999+0000 INFO [o.n.k.i.DiagnosticsManager]  [classpath + loader.0] file:/C:/Users/Dube1/.m2/repository/org/neo4j/neo4j-cypher-ir-3.3/3.3.4/neo4j-cypher-ir-3.3-3.3.4.jar
2018-04-01 02:54:28.999+0000 INFO [o.n.k.i.DiagnosticsManager]  [loader.1] file:/C:/Program%20Files/Java/jre1.8.0_131/lib/ext/localedata.jar
2018-04-01 02:54:28.999+0000 INFO [o.n.k.i.DiagnosticsManager]  [loader.1] file:/C:/Program%20Files/Java/jre1.8.0_131/lib/ext/cldrdata.jar
2018-04-01 02:54:28.999+0000 INFO [o.n.k.i.DiagnosticsManager]  [classpath + loader.0] file:/C:/Users/Dube1/.m2/repository/org/parboiled/parboiled-core/1.1.7/parboiled-core-1.1.7.jar
2018-04-01 02:54:28.999+0000 INFO [o.n.k.i.DiagnosticsManager]  [classpath + loader.0] file:/C:/Users/Dube1/.m2/repository/org/neo4j/neo4j-graphdb-api/3.3.4/neo4j-graphdb-api-3.3.4.jar
2018-04-01 02:54:28.999+0000 INFO [o.n.k.i.DiagnosticsManager]  [classpath + loader.0] file:/C:/Users/Dube1/.m2/repository/org/parboiled/parboiled-scala_2.11/1.1.7/parboiled-scala_2.11-1.1.7.jar
2018-04-01 02:54:28.999+0000 INFO [o.n.k.i.DiagnosticsManager]  [classpath + loader.0] file:/C:/Users/Dube1/.m2/repository/com/fasterxml/jackson/core/jackson-databind/2.4.2/jackson-databind-2.4.2.jar
2018-04-01 02:54:28.999+0000 INFO [o.n.k.i.DiagnosticsManager]  [classpath + loader.0] file:/C:/Users/Dube1/.m2/repository/org/ow2/asm/asm-tree/5.2/asm-tree-5.2.jar
2018-04-01 02:54:28.999+0000 INFO [o.n.k.i.DiagnosticsManager]  [classpath + loader.0] file:/C:/Users/Dube1/.m2/repository/org/bouncycastle/bcpkix-jdk15on/1.53/bcpkix-jdk15on-1.53.jar
2018-04-01 02:54:29.000+0000 INFO [o.n.k.i.DiagnosticsManager]  [classpath + loader.0] file:/C:/Users/Dube1/.m2/repository/org/neo4j/neo4j-graph-algo/3.3.4/neo4j-graph-algo-3.3.4.jar
2018-04-01 02:54:29.002+0000 INFO [o.n.k.i.DiagnosticsManager]  [classpath + loader.0] file:/C:/Users/Dube1/.m2/repository/org/neo4j/neo4j-cypher-frontend-3.2/3.2.9/neo4j-cypher-frontend-3.2-3.2.9.jar
2018-04-01 02:54:29.002+0000 INFO [o.n.k.i.DiagnosticsManager]  [bootstrap] C:\Program Files\Java\jre1.8.0_131\classes
2018-04-01 02:54:29.002+0000 INFO [o.n.k.i.DiagnosticsManager]  [classpath + loader.0] file:/C:/Users/Dube1/.m2/repository/org/neo4j/neo4j-cypher-frontend-3.3/3.3.4/neo4j-cypher-frontend-3.3-3.3.4.jar
2018-04-01 02:54:29.002+0000 INFO [o.n.k.i.DiagnosticsManager]  [classpath + loader.0] file:/C:/Users/Dube1/.m2/repository/org/neo4j/neo4j-cypher-compiler-3.2/3.2.9/neo4j-cypher-compiler-3.2-3.2.9.jar
2018-04-01 02:54:29.002+0000 INFO [o.n.k.i.DiagnosticsManager]  [loader.1] file:/C:/Program%20Files/Java/jre1.8.0_131/lib/ext/access-bridge-64.jar
2018-04-01 02:54:29.002+0000 INFO [o.n.k.i.DiagnosticsManager]  [classpath + loader.0] file:/C:/Users/Dube1/.m2/repository/org/neo4j/neo4j-consistency-check/3.3.4/neo4j-consistency-check-3.3.4.jar
2018-04-01 02:54:29.002+0000 INFO [o.n.k.i.DiagnosticsManager]  [loader.1] file:/C:/Program%20Files/Java/jre1.8.0_131/lib/ext/sunmscapi.jar
2018-04-01 02:54:29.002+0000 INFO [o.n.k.i.DiagnosticsManager]  [classpath + loader.0] file:/C:/Users/Dube1/.m2/repository/org/neo4j/neo4j-resource/3.3.4/neo4j-resource-3.3.4.jar
2018-04-01 02:54:29.002+0000 INFO [o.n.k.i.DiagnosticsManager]  [classpath + loader.0] file:/C:/Users/Dube1/.m2/repository/org/neo4j/neo4j-cypher-compiler-3.3/3.3.4/neo4j-cypher-compiler-3.3-3.3.4.jar
2018-04-01 02:54:29.002+0000 INFO [o.n.k.i.DiagnosticsManager]  [classpath + loader.0] file:/C:/Users/Dube1/.m2/repository/com/fasterxml/jackson/core/jackson-annotations/2.4.0/jackson-annotations-2.4.0.jar
2018-04-01 02:54:29.002+0000 INFO [o.n.k.i.DiagnosticsManager]  [classpath + loader.0] file:/C:/Users/Dube1/.m2/repository/org/neo4j/neo4j-cypher/3.3.4/neo4j-cypher-3.3.4.jar
2018-04-01 02:54:29.002+0000 INFO [o.n.k.i.DiagnosticsManager]  [classpath + loader.0] file:/C:/Users/Dube1/.m2/repository/org/ow2/asm/asm-analysis/5.2/asm-analysis-5.2.jar
2018-04-01 02:54:29.003+0000 INFO [o.n.k.i.DiagnosticsManager]  [loader.1] file:/C:/Program%20Files/Java/jre1.8.0_131/lib/ext/sunec.jar
2018-04-01 02:54:29.003+0000 INFO [o.n.k.i.DiagnosticsManager]  [classpath + loader.0] file:/C:/Users/Dube1/.m2/repository/org/neo4j/neo4j-jmx/3.3.4/neo4j-jmx-3.3.4.jar
2018-04-01 02:54:29.003+0000 INFO [o.n.k.i.DiagnosticsManager]  [classpath + loader.0] file:/C:/Users/Dube1/workspace/HW5_COP3710_8586/target/classes/
2018-04-01 02:54:29.003+0000 INFO [o.n.k.i.DiagnosticsManager]  [classpath + loader.0] file:/C:/Users/Dube1/.m2/repository/com/fasterxml/jackson/core/jackson-core/2.4.2/jackson-core-2.4.2.jar
2018-04-01 02:54:29.003+0000 INFO [o.n.k.i.DiagnosticsManager]  [classpath + loader.0] file:/C:/Users/Dube1/.m2/repository/org/ow2/asm/asm-util/5.2/asm-util-5.2.jar
2018-04-01 02:54:29.003+0000 INFO [o.n.k.i.DiagnosticsManager]  [loader.1] file:/C:/Program%20Files/Java/jre1.8.0_131/lib/ext/zipfs.jar
2018-04-01 02:54:29.003+0000 INFO [o.n.k.i.DiagnosticsManager]  [classpath + loader.0] file:/C:/Users/Dube1/.m2/repository/org/apache/commons/commons-compress/1.12/commons-compress-1.12.jar
2018-04-01 02:54:29.003+0000 INFO [o.n.k.i.DiagnosticsManager]  [bootstrap] C:\Program Files\Java\jre1.8.0_131\lib\jce.jar
2018-04-01 02:54:29.003+0000 INFO [o.n.k.i.DiagnosticsManager]  [classpath + loader.0] file:/C:/Users/Dube1/.m2/repository/org/neo4j/neo4j/3.3.4/neo4j-3.3.4.jar
2018-04-01 02:54:29.003+0000 INFO [o.n.k.i.DiagnosticsManager]  [loader.1] file:/C:/Program%20Files/Java/jre1.8.0_131/lib/ext/sunjce_provider.jar
2018-04-01 02:54:29.003+0000 INFO [o.n.k.i.DiagnosticsManager]  [bootstrap] C:\Program Files\Java\jre1.8.0_131\lib\charsets.jar
2018-04-01 02:54:29.003+0000 INFO [o.n.k.i.DiagnosticsManager]  [classpath + loader.0] file:/C:/Users/Dube1/.m2/repository/org/apache/lucene/lucene-analyzers-common/5.5.0/lucene-analyzers-common-5.5.0.jar
2018-04-01 02:54:29.003+0000 INFO [o.n.k.i.DiagnosticsManager]  [loader.1] file:/C:/Program%20Files/Java/jre1.8.0_131/lib/ext/jaccess.jar
2018-04-01 02:54:29.003+0000 INFO [o.n.k.i.DiagnosticsManager]  [classpath + loader.0] file:/C:/Users/Dube1/.m2/repository/org/apache/lucene/lucene-codecs/5.5.0/lucene-codecs-5.5.0.jar
2018-04-01 02:54:29.003+0000 INFO [o.n.k.i.DiagnosticsManager]  [classpath + loader.0] file:/C:/Users/Dube1/.m2/repository/org/neo4j/neo4j-values/3.3.4/neo4j-values-3.3.4.jar
2018-04-01 02:54:29.003+0000 INFO [o.n.k.i.DiagnosticsManager]  [classpath + loader.0] file:/C:/Users/Dube1/.m2/repository/org/neo4j/neo4j-graph-matching/3.1.6/neo4j-graph-matching-3.1.6.jar
2018-04-01 02:54:29.004+0000 INFO [o.n.k.i.DiagnosticsManager]  [classpath + loader.0] file:/C:/Users/Dube1/.m2/repository/org/neo4j/neo4j-cypher-logical-plans-3.3/3.3.4/neo4j-cypher-logical-plans-3.3-3.3.4.jar
2018-04-01 02:54:29.004+0000 INFO [o.n.k.i.DiagnosticsManager]  [classpath + loader.0] file:/C:/Users/Dube1/.m2/repository/org/neo4j/neo4j-unsafe/3.3.4/neo4j-unsafe-3.3.4.jar
2018-04-01 02:54:29.004+0000 INFO [o.n.k.i.DiagnosticsManager]  [classpath + loader.0] file:/C:/Users/Dube1/.m2/repository/org/neo4j/neo4j-collections/3.3.4/neo4j-collections-3.3.4.jar
2018-04-01 02:54:29.004+0000 INFO [o.n.k.i.DiagnosticsManager]  [classpath + loader.0] file:/C:/Users/Dube1/.m2/repository/org/neo4j/neo4j-configuration/3.3.4/neo4j-configuration-3.3.4.jar
2018-04-01 02:54:29.004+0000 INFO [o.n.k.i.DiagnosticsManager]  [classpath + loader.0] file:/C:/Users/Dube1/.m2/repository/org/neo4j/neo4j-codegen/3.3.4/neo4j-codegen-3.3.4.jar
2018-04-01 02:54:29.004+0000 INFO [o.n.k.i.DiagnosticsManager]  [bootstrap] C:\Program Files\Java\jre1.8.0_131\lib\jfr.jar
2018-04-01 02:54:29.004+0000 INFO [o.n.k.i.DiagnosticsManager]  [classpath + loader.0] file:/C:/Users/Dube1/.m2/repository/com/googlecode/concurrentlinkedhashmap/concurrentlinkedhashmap-lru/1.4.2/concurrentlinkedhashmap-lru-1.4.2.jar
2018-04-01 02:54:29.004+0000 INFO [o.n.k.i.DiagnosticsManager]  [classpath + loader.0] file:/C:/Users/Dube1/.m2/repository/org/bouncycastle/bcprov-jdk15on/1.53/bcprov-jdk15on-1.53.jar
2018-04-01 02:54:29.004+0000 INFO [o.n.k.i.DiagnosticsManager]  [classpath + loader.0] file:/C:/Users/Dube1/.m2/repository/org/neo4j/neo4j-ssl/3.3.4/neo4j-ssl-3.3.4.jar
2018-04-01 02:54:29.004+0000 INFO [o.n.k.i.DiagnosticsManager]  [classpath + loader.0] file:/C:/Users/Dube1/.m2/repository/org/apache/lucene/lucene-backward-codecs/5.5.0/lucene-backward-codecs-5.5.0.jar
2018-04-01 02:54:29.004+0000 INFO [o.n.k.i.DiagnosticsManager]  [classpath + loader.0] file:/C:/Users/Dube1/.m2/repository/com/github/ben-manes/caffeine/caffeine/2.3.3/caffeine-2.3.3.jar
2018-04-01 02:54:29.004+0000 INFO [o.n.k.i.DiagnosticsManager]  [loader.1] file:/C:/Program%20Files/Java/jre1.8.0_131/lib/ext/jfxrt.jar
2018-04-01 02:54:29.004+0000 INFO [o.n.k.i.DiagnosticsManager]  [loader.1] file:/C:/Program%20Files/Java/jre1.8.0_131/lib/ext/dnsns.jar
2018-04-01 02:54:29.005+0000 INFO [o.n.k.i.DiagnosticsManager]  [classpath + loader.0] file:/C:/Users/Dube1/.m2/repository/org/apache/lucene/lucene-queryparser/5.5.0/lucene-queryparser-5.5.0.jar
2018-04-01 02:54:29.005+0000 INFO [o.n.k.i.DiagnosticsManager]  [classpath + loader.0] file:/C:/Users/Dube1/.m2/repository/org/neo4j/neo4j-udc/3.3.4/neo4j-udc-3.3.4.jar
2018-04-01 02:54:29.005+0000 INFO [o.n.k.i.DiagnosticsManager]  [classpath + loader.0] file:/C:/Users/Dube1/.m2/repository/org/neo4j/neo4j-cypher-frontend-2.3/2.3.12/neo4j-cypher-frontend-2.3-2.3.12.jar
2018-04-01 02:54:29.005+0000 INFO [o.n.k.i.DiagnosticsManager]  [bootstrap] C:\Program Files\Java\jre1.8.0_131\lib\jsse.jar
2018-04-01 02:54:29.005+0000 INFO [o.n.k.i.DiagnosticsManager]  [bootstrap] C:\Program Files\Java\jre1.8.0_131\lib\resources.jar
2018-04-01 02:54:29.005+0000 INFO [o.n.k.i.DiagnosticsManager]  [classpath + loader.0] file:/C:/Users/Dube1/.m2/repository/org/scala-lang/scala-reflect/2.11.12/scala-reflect-2.11.12.jar
2018-04-01 02:54:29.005+0000 INFO [o.n.k.i.DiagnosticsManager]  [classpath + loader.0] file:/C:/Users/Dube1/.m2/repository/org/neo4j/neo4j-io/3.3.4/neo4j-io-3.3.4.jar
2018-04-01 02:54:29.005+0000 INFO [o.n.k.i.DiagnosticsManager]  [classpath + loader.0] file:/C:/Users/Dube1/.m2/repository/org/apache/lucene/lucene-core/5.5.0/lucene-core-5.5.0.jar
2018-04-01 02:54:29.005+0000 INFO [o.n.k.i.DiagnosticsManager]  [classpath + loader.0] file:/C:/Users/Dube1/.m2/repository/io/netty/netty-all/4.1.21.Final/netty-all-4.1.21.Final.jar
2018-04-01 02:54:29.005+0000 INFO [o.n.k.i.DiagnosticsManager]  [classpath + loader.0] file:/C:/Users/Dube1/.m2/repository/org/neo4j/neo4j-command-line/3.3.4/neo4j-command-line-3.3.4.jar
2018-04-01 02:54:29.005+0000 INFO [o.n.k.i.DiagnosticsManager]  [classpath + loader.0] file:/C:/Users/Dube1/.m2/repository/org/ow2/asm/asm/5.2/asm-5.2.jar
2018-04-01 02:54:29.005+0000 INFO [o.n.k.i.DiagnosticsManager]  [loader.1] file:/C:/Program%20Files/Java/jre1.8.0_131/lib/ext/sunpkcs11.jar
2018-04-01 02:54:29.006+0000 INFO [o.n.k.i.DiagnosticsManager]  [classpath + loader.0] file:/C:/Users/Dube1/.m2/repository/org/neo4j/neo4j-kernel/3.3.4/neo4j-kernel-3.3.4.jar
2018-04-01 02:54:29.006+0000 INFO [o.n.k.i.DiagnosticsManager]  [classpath + loader.0] file:/C:/Users/Dube1/.m2/repository/net/sf/opencsv/opencsv/2.3/opencsv-2.3.jar
2018-04-01 02:54:29.006+0000 INFO [o.n.k.i.DiagnosticsManager]  [classpath + loader.0] file:/C:/Users/Dube1/.m2/repository/org/neo4j/neo4j-dbms/3.3.4/neo4j-dbms-3.3.4.jar
2018-04-01 02:54:29.006+0000 INFO [o.n.k.i.DiagnosticsManager]  [classpath + loader.0] file:/C:/Users/Dube1/.m2/repository/org/neo4j/neo4j-csv/3.3.4/neo4j-csv-3.3.4.jar
2018-04-01 02:54:29.006+0000 INFO [o.n.k.i.DiagnosticsManager]  [bootstrap] C:\Program Files\Java\jre1.8.0_131\lib\sunrsasign.jar
2018-04-01 02:54:29.006+0000 INFO [o.n.k.i.DiagnosticsManager]  [bootstrap] C:\Program Files\Java\jre1.8.0_131\lib\rt.jar
2018-04-01 02:54:29.006+0000 INFO [o.n.k.i.DiagnosticsManager]  [classpath + loader.0] file:/C:/Users/Dube1/.m2/repository/org/neo4j/neo4j-cypher-frontend-3.1/3.1.6/neo4j-cypher-frontend-3.1-3.1.6.jar
2018-04-01 02:54:29.006+0000 INFO [o.n.k.i.DiagnosticsManager]  [classpath + loader.0] file:/C:/Users/Dube1/.m2/repository/org/neo4j/neo4j-lucene-upgrade/3.3.4/neo4j-lucene-upgrade-3.3.4.jar
2018-04-01 02:54:29.007+0000 INFO [o.n.k.i.DiagnosticsManager]  [loader.1] file:/C:/Program%20Files/Java/jre1.8.0_131/lib/ext/nashorn.jar
2018-04-01 02:54:29.007+0000 INFO [o.n.k.i.DiagnosticsManager]  [classpath + loader.0] file:/C:/Users/Dube1/.m2/repository/org/neo4j/neo4j-cypher-ir-3.2/3.2.9/neo4j-cypher-ir-3.2-3.2.9.jar
2018-04-01 02:54:29.007+0000 INFO [o.n.k.i.DiagnosticsManager]  [classpath + loader.0] file:/C:/Users/Dube1/.m2/repository/org/apache/commons/commons-text/1.1/commons-text-1.1.jar
2018-04-01 02:54:29.007+0000 INFO [o.n.k.i.DiagnosticsManager]  [classpath + loader.0] file:/C:/Users/Dube1/.m2/repository/org/neo4j/neo4j-import-tool/3.3.4/neo4j-import-tool-3.3.4.jar
2018-04-01 02:54:29.007+0000 INFO [o.n.k.i.DiagnosticsManager] Library path:
2018-04-01 02:54:29.007+0000 INFO [o.n.k.i.DiagnosticsManager] C:\Program Files\Java\jre1.8.0_131\bin
2018-04-01 02:54:29.008+0000 INFO [o.n.k.i.DiagnosticsManager] C:\Windows\Sun\Java\bin
2018-04-01 02:54:29.008+0000 INFO [o.n.k.i.DiagnosticsManager] C:\Windows\System32
2018-04-01 02:54:29.008+0000 INFO [o.n.k.i.DiagnosticsManager] C:\Windows
2018-04-01 02:54:29.008+0000 INFO [o.n.k.i.DiagnosticsManager] C:\Program Files\Java\jre1.8.0_131\bin\server
2018-04-01 02:54:29.008+0000 INFO [o.n.k.i.DiagnosticsManager] C:\Program Files\Java\jre1.8.0_131\bin
2018-04-01 02:54:29.008+0000 INFO [o.n.k.i.DiagnosticsManager] C:\Program Files\Java\jre1.8.0_131\lib\amd64
2018-04-01 02:54:29.009+0000 INFO [o.n.k.i.DiagnosticsManager] C:\Borland\CaliberRMServer\Bin
2018-04-01 02:54:29.009+0000 INFO [o.n.k.i.DiagnosticsManager] C:\Borland\CaliberRMServer\Versant\8_0_2\NT\Bin
2018-04-01 02:54:29.009+0000 INFO [o.n.k.i.DiagnosticsManager] C:\Borland\CaliberRMServer\lib
2018-04-01 02:54:29.010+0000 INFO [o.n.k.i.DiagnosticsManager] C:\ProgramData\Oracle\Java\javapath
2018-04-01 02:54:29.010+0000 INFO [o.n.k.i.DiagnosticsManager] C:\Program Files (x86)\Intel\iCLS Client
2018-04-01 02:54:29.010+0000 INFO [o.n.k.i.DiagnosticsManager] C:\Program Files\Intel\iCLS Client
2018-04-01 02:54:29.010+0000 INFO [o.n.k.i.DiagnosticsManager] C:\Windows\System32
2018-04-01 02:54:29.011+0000 INFO [o.n.k.i.DiagnosticsManager] C:\Windows
2018-04-01 02:54:29.011+0000 INFO [o.n.k.i.DiagnosticsManager] C:\Windows\System32\wbem
2018-04-01 02:54:29.011+0000 INFO [o.n.k.i.DiagnosticsManager] C:\Windows\System32\WindowsPowerShell\v1.0
2018-04-01 02:54:29.011+0000 INFO [o.n.k.i.DiagnosticsManager] C:\Program Files (x86)\NVIDIA Corporation\PhysX\Common
2018-04-01 02:54:29.011+0000 INFO [o.n.k.i.DiagnosticsManager] C:\Program Files (x86)\Intel\Intel(R) Management Engine Components\DAL
2018-04-01 02:54:29.012+0000 INFO [o.n.k.i.DiagnosticsManager] C:\Program Files\Intel\Intel(R) Management Engine Components\DAL
2018-04-01 02:54:29.012+0000 INFO [o.n.k.i.DiagnosticsManager] C:\Program Files (x86)\Intel\Intel(R) Management Engine Components\IPT
2018-04-01 02:54:29.012+0000 INFO [o.n.k.i.DiagnosticsManager] C:\Program Files\Intel\Intel(R) Management Engine Components\IPT
2018-04-01 02:54:29.012+0000 INFO [o.n.k.i.DiagnosticsManager] C:\Windows\System32
2018-04-01 02:54:29.012+0000 INFO [o.n.k.i.DiagnosticsManager] C:\Windows
2018-04-01 02:54:29.012+0000 INFO [o.n.k.i.DiagnosticsManager] C:\Windows\System32\wbem
2018-04-01 02:54:29.013+0000 INFO [o.n.k.i.DiagnosticsManager] C:\Windows\System32\WindowsPowerShell\v1.0
2018-04-01 02:54:29.013+0000 INFO [o.n.k.i.DiagnosticsManager] C:\Program Files\Intel\WiFi\bin
2018-04-01 02:54:29.013+0000 INFO [o.n.k.i.DiagnosticsManager] C:\Program Files\Common Files\Intel\WirelessCommon
2018-04-01 02:54:29.013+0000 INFO [o.n.k.i.DiagnosticsManager] C:\Users\Dube1\AppData\Local\Microsoft\WindowsApps
2018-04-01 02:54:29.014+0000 INFO [o.n.k.i.DiagnosticsManager] C:\Users\Dube1\workspace\HW5_COP3710_8586
2018-04-01 02:54:29.014+0000 INFO [o.n.k.i.DiagnosticsManager] C:\Windows\System32
2018-04-01 02:54:29.014+0000 INFO [o.n.k.i.DiagnosticsManager] C:\Users\Dube1\workspace\HW5_COP3710_8586
2018-04-01 02:54:29.014+0000 INFO [o.n.k.i.DiagnosticsManager] C:\Users\Dube1\workspace\HW5_COP3710_8586
2018-04-01 02:54:29.014+0000 INFO [o.n.k.i.DiagnosticsManager] System.properties:
2018-04-01 02:54:29.015+0000 INFO [o.n.k.i.DiagnosticsManager] sun.boot.library.path = C:\Program Files\Java\jre1.8.0_131\bin
2018-04-01 02:54:29.015+0000 INFO [o.n.k.i.DiagnosticsManager] path.separator = ;
2018-04-01 02:54:29.015+0000 INFO [o.n.k.i.DiagnosticsManager] file.encoding.pkg = sun.io
2018-04-01 02:54:29.015+0000 INFO [o.n.k.i.DiagnosticsManager] user.country = US
2018-04-01 02:54:29.015+0000 INFO [o.n.k.i.DiagnosticsManager] user.script = 
2018-04-01 02:54:29.015+0000 INFO [o.n.k.i.DiagnosticsManager] sun.java.launcher = SUN_STANDARD
2018-04-01 02:54:29.015+0000 INFO [o.n.k.i.DiagnosticsManager] sun.os.patch.level = 
2018-04-01 02:54:29.015+0000 INFO [o.n.k.i.DiagnosticsManager] user.dir = C:\Users\Dube1\workspace\HW5_COP3710_8586
2018-04-01 02:54:29.016+0000 INFO [o.n.k.i.DiagnosticsManager] user.variant = 
2018-04-01 02:54:29.016+0000 INFO [o.n.k.i.DiagnosticsManager] sun.jnu.encoding = Cp1252
2018-04-01 02:54:29.016+0000 INFO [o.n.k.i.DiagnosticsManager] sun.management.compiler = HotSpot 64-Bit Tiered Compilers
2018-04-01 02:54:29.016+0000 INFO [o.n.k.i.DiagnosticsManager] user.home = C:\Users\Dube1
2018-04-01 02:54:29.016+0000 INFO [o.n.k.i.DiagnosticsManager] user.timezone = America/New_York
2018-04-01 02:54:29.016+0000 INFO [o.n.k.i.DiagnosticsManager] file.encoding = Cp1252
2018-04-01 02:54:29.016+0000 INFO [o.n.k.i.DiagnosticsManager] user.name = Dube1
2018-04-01 02:54:29.016+0000 INFO [o.n.k.i.DiagnosticsManager] sun.java.command = DataLoader
2018-04-01 02:54:29.016+0000 INFO [o.n.k.i.DiagnosticsManager] sun.arch.data.model = 64
2018-04-01 02:54:29.016+0000 INFO [o.n.k.i.DiagnosticsManager] user.language = en
2018-04-01 02:54:29.016+0000 INFO [o.n.k.i.DiagnosticsManager] awt.toolkit = sun.awt.windows.WToolkit
2018-04-01 02:54:29.016+0000 INFO [o.n.k.i.DiagnosticsManager] file.separator = \
2018-04-01 02:54:29.016+0000 INFO [o.n.k.i.DiagnosticsManager] sun.io.unicode.encoding = UnicodeLittle
2018-04-01 02:54:29.016+0000 INFO [o.n.k.i.DiagnosticsManager] sun.cpu.endian = little
2018-04-01 02:54:29.016+0000 INFO [o.n.k.i.DiagnosticsManager] sun.desktop = windows
2018-04-01 02:54:29.016+0000 INFO [o.n.k.i.DiagnosticsManager] sun.cpu.isalist = amd64
2018-04-01 02:54:29.017+0000 INFO [o.n.k.i.DiagnosticsManager] Network information:
2018-04-01 02:54:29.073+0000 INFO [o.n.k.i.DiagnosticsManager] Interface Software Loopback Interface 1:
2018-04-01 02:54:29.073+0000 INFO [o.n.k.i.DiagnosticsManager]     address: 127.0.0.1
2018-04-01 02:54:29.073+0000 INFO [o.n.k.i.DiagnosticsManager]     address: 0:0:0:0:0:0:0:1
2018-04-01 02:54:29.073+0000 INFO [o.n.k.i.DiagnosticsManager] Interface WAN Miniport (IP):
2018-04-01 02:54:29.073+0000 INFO [o.n.k.i.DiagnosticsManager] Interface WAN Miniport (PPPOE):
2018-04-01 02:54:29.073+0000 INFO [o.n.k.i.DiagnosticsManager] Interface Intel(R) Dual Band Wireless-AC 7265:
2018-04-01 02:54:29.073+0000 INFO [o.n.k.i.DiagnosticsManager]     address: 192.168.1.147
2018-04-01 02:54:29.073+0000 INFO [o.n.k.i.DiagnosticsManager]     address: fe80:0:0:0:b8b0:44e1:6c0e:ebc0%wlan0
2018-04-01 02:54:29.073+0000 INFO [o.n.k.i.DiagnosticsManager] Interface WAN Miniport (PPTP):
2018-04-01 02:54:29.073+0000 INFO [o.n.k.i.DiagnosticsManager] Interface Microsoft Wi-Fi Direct Virtual Adapter:
2018-04-01 02:54:29.073+0000 INFO [o.n.k.i.DiagnosticsManager]     address: fe80:0:0:0:3c0a:4262:e2ee:9561%wlan1
2018-04-01 02:54:29.073+0000 INFO [o.n.k.i.DiagnosticsManager] Interface WAN Miniport (IPv6):
2018-04-01 02:54:29.073+0000 INFO [o.n.k.i.DiagnosticsManager] Interface Microsoft Wi-Fi Direct Virtual Adapter #3:
2018-04-01 02:54:29.073+0000 INFO [o.n.k.i.DiagnosticsManager] Interface WAN Miniport (Network Monitor):
2018-04-01 02:54:29.074+0000 INFO [o.n.k.i.DiagnosticsManager] Interface Microsoft Kernel Debug Network Adapter:
2018-04-01 02:54:29.074+0000 INFO [o.n.k.i.DiagnosticsManager] Interface Realtek PCIe GBE Family Controller:
2018-04-01 02:54:29.074+0000 INFO [o.n.k.i.DiagnosticsManager]     address: fe80:0:0:0:c5cf:230d:3eb:459e%eth4
2018-04-01 02:54:29.074+0000 INFO [o.n.k.i.DiagnosticsManager] Interface WAN Miniport (SSTP):
2018-04-01 02:54:29.074+0000 INFO [o.n.k.i.DiagnosticsManager] Interface Microsoft Wi-Fi Direct Virtual Adapter #2:
2018-04-01 02:54:29.074+0000 INFO [o.n.k.i.DiagnosticsManager] Interface Microsoft Teredo Tunneling Adapter:
2018-04-01 02:54:29.074+0000 INFO [o.n.k.i.DiagnosticsManager]     address: 2001:0:9d38:90d7:a0:a04:3f57:fe6c
2018-04-01 02:54:29.074+0000 INFO [o.n.k.i.DiagnosticsManager]     address: fe80:0:0:0:a0:a04:3f57:fe6c%net2
2018-04-01 02:54:29.074+0000 INFO [o.n.k.i.DiagnosticsManager] Interface WAN Miniport (IKEv2):
2018-04-01 02:54:29.074+0000 INFO [o.n.k.i.DiagnosticsManager] Interface WAN Miniport (L2TP):
2018-04-01 02:54:29.074+0000 INFO [o.n.k.i.DiagnosticsManager] Interface Realtek PCIe GBE Family Controller-WFP Native MAC Layer LightWeight Filter-0000:
2018-04-01 02:54:29.074+0000 INFO [o.n.k.i.DiagnosticsManager] Interface Realtek PCIe GBE Family Controller-QoS Packet Scheduler-0000:
2018-04-01 02:54:29.074+0000 INFO [o.n.k.i.DiagnosticsManager] Interface Realtek PCIe GBE Family Controller-WFP 802.3 MAC Layer LightWeight Filter-0000:
2018-04-01 02:54:29.074+0000 INFO [o.n.k.i.DiagnosticsManager] Interface Intel(R) Dual Band Wireless-AC 7265-WFP Native MAC Layer LightWeight Filter-0000:
2018-04-01 02:54:29.074+0000 INFO [o.n.k.i.DiagnosticsManager] Interface Intel(R) Dual Band Wireless-AC 7265-Virtual WiFi Filter Driver-0000:
2018-04-01 02:54:29.074+0000 INFO [o.n.k.i.DiagnosticsManager] Interface Intel(R) Dual Band Wireless-AC 7265-Native WiFi Filter Driver-0000:
2018-04-01 02:54:29.074+0000 INFO [o.n.k.i.DiagnosticsManager] Interface Intel(R) Dual Band Wireless-AC 7265-QoS Packet Scheduler-0000:
2018-04-01 02:54:29.074+0000 INFO [o.n.k.i.DiagnosticsManager] Interface Intel(R) Dual Band Wireless-AC 7265-WFP 802.3 MAC Layer LightWeight Filter-0000:
2018-04-01 02:54:29.074+0000 INFO [o.n.k.i.DiagnosticsManager] Interface WAN Miniport (IP)-WFP Native MAC Layer LightWeight Filter-0000:
2018-04-01 02:54:29.074+0000 INFO [o.n.k.i.DiagnosticsManager] Interface WAN Miniport (IP)-QoS Packet Scheduler-0000:
2018-04-01 02:54:29.074+0000 INFO [o.n.k.i.DiagnosticsManager] Interface WAN Miniport (IPv6)-WFP Native MAC Layer LightWeight Filter-0000:
2018-04-01 02:54:29.074+0000 INFO [o.n.k.i.DiagnosticsManager] Interface WAN Miniport (IPv6)-QoS Packet Scheduler-0000:
2018-04-01 02:54:29.074+0000 INFO [o.n.k.i.DiagnosticsManager] Interface WAN Miniport (Network Monitor)-WFP Native MAC Layer LightWeight Filter-0000:
2018-04-01 02:54:29.074+0000 INFO [o.n.k.i.DiagnosticsManager] Interface WAN Miniport (Network Monitor)-QoS Packet Scheduler-0000:
2018-04-01 02:54:29.075+0000 INFO [o.n.k.i.DiagnosticsManager] Interface Microsoft Wi-Fi Direct Virtual Adapter-WFP Native MAC Layer LightWeight Filter-0000:
2018-04-01 02:54:29.075+0000 INFO [o.n.k.i.DiagnosticsManager] Interface Microsoft Wi-Fi Direct Virtual Adapter-Native WiFi Filter Driver-0000:
2018-04-01 02:54:29.075+0000 INFO [o.n.k.i.DiagnosticsManager] Interface Microsoft Wi-Fi Direct Virtual Adapter-QoS Packet Scheduler-0000:
2018-04-01 02:54:29.075+0000 INFO [o.n.k.i.DiagnosticsManager] Interface Microsoft Wi-Fi Direct Virtual Adapter-WFP 802.3 MAC Layer LightWeight Filter-0000:
2018-04-01 02:54:29.075+0000 INFO [o.n.k.i.DiagnosticsManager] --- INITIALIZED diagnostics END ---
2018-04-01 02:54:29.203+0000 INFO [o.n.k.i.s.f.RecordFormatSelector] Selected format 'RecordFormat:StandardV3_2[v0.A.8]' for the new store
2018-04-01 02:54:29.689+0000 INFO [o.n.k.i.a.i.IndexingService] IndexingService.init: indexes not specifically mentioned above are null
2018-04-01 02:54:29.696+0000 INFO [o.n.k.i.i.l.NativeLabelScanStore] No scan store found, this might just be first use. Preparing to rebuild.
2018-04-01 02:54:29.729+0000 INFO [o.n.k.NeoStoreDataSource] Opened logical log [C:\Users\Dube1\workspace\HW5_COP3710_8586\target\movies-db\neostore.transaction.db.0] version=0, lastTxId=1 (clean)
2018-04-01 02:54:29.736+0000 INFO [o.n.k.NeoStoreDataSource] No commits found after last check point (which is at <no log position given>)
2018-04-01 02:54:29.747+0000 WARN [o.n.k.i.s.MetaDataStore] Missing counts store, rebuilding it.
2018-04-01 02:54:29.854+0000 WARN [o.n.k.i.s.MetaDataStore] Counts store rebuild completed.
2018-04-01 02:54:29.876+0000 INFO [o.n.k.i.a.i.IndexingService] IndexingService.start: indexes not specifically mentioned above are null
2018-04-01 02:54:29.882+0000 INFO [o.n.k.i.i.l.NativeLabelScanStore] Rebuilding scan store, this may take a while
2018-04-01 02:54:29.900+0000 INFO [o.n.k.i.i.l.NativeLabelScanStore] Scan store rebuilt (roughly 0 nodes)
2018-04-01 02:54:29.908+0000 INFO [o.n.k.i.DatabaseHealth] Database health set to OK
2018-04-01 02:54:30.288+0000 INFO [o.n.k.AvailabilityGuard] Fulfilling of requirement makes database available: Database available
2018-04-01 02:54:30.295+0000 INFO [o.n.k.i.f.GraphDatabaseFacadeFactory] Database is now ready
2018-04-01 02:54:30.304+0000 INFO [o.n.k.i.DiagnosticsManager] --- STARTED diagnostics for KernelDiagnostics:Versions START ---
2018-04-01 02:54:30.310+0000 INFO [o.n.k.i.DiagnosticsManager] Graph Database: community single StoreId{creationTime=1522551269498, randomId=3575333875131970030, storeVersion=15813456178476550, upgradeTime=1522551269498, upgradeId=1}
2018-04-01 02:54:30.320+0000 INFO [o.n.k.i.DiagnosticsManager] Kernel version: 3.3.4,a97930c567060dad961d7c06c8f225dcb15582f3
2018-04-01 02:54:30.325+0000 INFO [o.n.k.i.DiagnosticsManager] --- STARTED diagnostics for KernelDiagnostics:Versions END ---
2018-04-01 02:54:30.333+0000 INFO [o.n.k.i.DiagnosticsManager] --- STARTED diagnostics for NEO_STORE_VERSIONS START ---
2018-04-01 02:54:30.341+0000 INFO [o.n.k.i.DiagnosticsManager] Store versions:
2018-04-01 02:54:30.346+0000 INFO [o.n.k.i.DiagnosticsManager] Store versions:
2018-04-01 02:54:30.351+0000 INFO [o.n.k.i.DiagnosticsManager]   ArrayPropertyStore v0.A.8
2018-04-01 02:54:30.357+0000 INFO [o.n.k.i.DiagnosticsManager]   NodeStore v0.A.8
2018-04-01 02:54:30.361+0000 INFO [o.n.k.i.DiagnosticsManager]   StringPropertyStore v0.A.8
2018-04-01 02:54:30.366+0000 INFO [o.n.k.i.DiagnosticsManager]   PropertyIndexStore v0.A.8
2018-04-01 02:54:30.371+0000 INFO [o.n.k.i.DiagnosticsManager]   StringPropertyStore v0.A.8
2018-04-01 02:54:30.375+0000 INFO [o.n.k.i.DiagnosticsManager]   ArrayPropertyStore v0.A.8
2018-04-01 02:54:30.379+0000 INFO [o.n.k.i.DiagnosticsManager]   PropertyStore v0.A.8
2018-04-01 02:54:30.384+0000 INFO [o.n.k.i.DiagnosticsManager]   RelationshipStore v0.A.8
2018-04-01 02:54:30.390+0000 INFO [o.n.k.i.DiagnosticsManager]   StringPropertyStore v0.A.8
2018-04-01 02:54:30.394+0000 INFO [o.n.k.i.DiagnosticsManager]   RelationshipTypeStore v0.A.8
2018-04-01 02:54:30.400+0000 INFO [o.n.k.i.DiagnosticsManager]   StringPropertyStore v0.A.8
2018-04-01 02:54:30.405+0000 INFO [o.n.k.i.DiagnosticsManager]   LabelTokenStore v0.A.8
2018-04-01 02:54:30.409+0000 INFO [o.n.k.i.DiagnosticsManager]   SchemaStore v0.A.8
2018-04-01 02:54:30.413+0000 INFO [o.n.k.i.DiagnosticsManager]   RelationshipGroupStore v0.A.8
2018-04-01 02:54:30.418+0000 INFO [o.n.k.i.DiagnosticsManager]   NeoStore v0.A.8
2018-04-01 02:54:30.423+0000 INFO [o.n.k.i.DiagnosticsManager] --- STARTED diagnostics for NEO_STORE_VERSIONS END ---
2018-04-01 02:54:30.427+0000 INFO [o.n.k.i.DiagnosticsManager] --- STARTED diagnostics for NEO_STORE_ID_USAGE START ---
2018-04-01 02:54:30.431+0000 INFO [o.n.k.i.DiagnosticsManager] Id usage:
2018-04-01 02:54:30.435+0000 INFO [o.n.k.i.DiagnosticsManager] Id usage:
2018-04-01 02:54:30.440+0000 INFO [o.n.k.i.DiagnosticsManager]   ArrayPropertyStore: used=1 high=0
2018-04-01 02:54:30.444+0000 INFO [o.n.k.i.DiagnosticsManager]   NodeStore: used=0 high=-1
2018-04-01 02:54:30.449+0000 INFO [o.n.k.i.DiagnosticsManager]   StringPropertyStore: used=1 high=0
2018-04-01 02:54:30.454+0000 INFO [o.n.k.i.DiagnosticsManager]   PropertyIndexStore: used=0 high=-1
2018-04-01 02:54:30.458+0000 INFO [o.n.k.i.DiagnosticsManager]   StringPropertyStore: used=1 high=0
2018-04-01 02:54:30.462+0000 INFO [o.n.k.i.DiagnosticsManager]   ArrayPropertyStore: used=1 high=0
2018-04-01 02:54:30.467+0000 INFO [o.n.k.i.DiagnosticsManager]   PropertyStore: used=0 high=-1
2018-04-01 02:54:30.471+0000 INFO [o.n.k.i.DiagnosticsManager]   RelationshipStore: used=0 high=-1
2018-04-01 02:54:30.476+0000 INFO [o.n.k.i.DiagnosticsManager]   StringPropertyStore: used=1 high=0
2018-04-01 02:54:30.480+0000 INFO [o.n.k.i.DiagnosticsManager]   RelationshipTypeStore: used=0 high=-1
2018-04-01 02:54:30.485+0000 INFO [o.n.k.i.DiagnosticsManager]   StringPropertyStore: used=1 high=0
2018-04-01 02:54:30.489+0000 INFO [o.n.k.i.DiagnosticsManager]   LabelTokenStore: used=0 high=-1
2018-04-01 02:54:30.493+0000 INFO [o.n.k.i.DiagnosticsManager]   SchemaStore: used=1 high=0
2018-04-01 02:54:30.497+0000 INFO [o.n.k.i.DiagnosticsManager]   RelationshipGroupStore: used=1 high=0
2018-04-01 02:54:30.502+0000 INFO [o.n.k.i.DiagnosticsManager]   NeoStore: used=15 high=14
2018-04-01 02:54:30.506+0000 INFO [o.n.k.i.DiagnosticsManager] --- STARTED diagnostics for NEO_STORE_ID_USAGE END ---
2018-04-01 02:54:30.510+0000 INFO [o.n.k.i.DiagnosticsManager] --- STARTED diagnostics for NEO_STORE_RECORDS START ---
2018-04-01 02:54:30.515+0000 INFO [o.n.k.i.DiagnosticsManager] Neostore records:
2018-04-01 02:54:30.520+0000 INFO [o.n.k.i.DiagnosticsManager] TIME (Creation time): 1522551269498
2018-04-01 02:54:30.524+0000 INFO [o.n.k.i.DiagnosticsManager] RANDOM_NUMBER (Random number for store id): 3575333875131970030
2018-04-01 02:54:30.529+0000 INFO [o.n.k.i.DiagnosticsManager] LOG_VERSION (Current log version): 0
2018-04-01 02:54:30.533+0000 INFO [o.n.k.i.DiagnosticsManager] LAST_TRANSACTION_ID (Last committed transaction): 1
2018-04-01 02:54:30.538+0000 INFO [o.n.k.i.DiagnosticsManager] STORE_VERSION (Store format version): 15813456178476550
2018-04-01 02:54:30.542+0000 INFO [o.n.k.i.DiagnosticsManager] FIRST_GRAPH_PROPERTY (First property record containing graph properties): -1
2018-04-01 02:54:30.547+0000 INFO [o.n.k.i.DiagnosticsManager] LAST_CONSTRAINT_TRANSACTION (Last committed transaction containing constraint changes): 0
2018-04-01 02:54:30.551+0000 INFO [o.n.k.i.DiagnosticsManager] UPGRADE_TRANSACTION_ID (Transaction id most recent upgrade was performed at): 1
2018-04-01 02:54:30.556+0000 INFO [o.n.k.i.DiagnosticsManager] UPGRADE_TIME (Time of last upgrade): 1522551269498
2018-04-01 02:54:30.560+0000 INFO [o.n.k.i.DiagnosticsManager] LAST_TRANSACTION_CHECKSUM (Checksum of last committed transaction): 0
2018-04-01 02:54:30.564+0000 INFO [o.n.k.i.DiagnosticsManager] UPGRADE_TRANSACTION_CHECKSUM (Checksum of transaction id the most recent upgrade was performed at): 0
2018-04-01 02:54:30.569+0000 INFO [o.n.k.i.DiagnosticsManager] LAST_CLOSED_TRANSACTION_LOG_VERSION (Log version where the last transaction commit entry has been written into): 0
2018-04-01 02:54:30.573+0000 INFO [o.n.k.i.DiagnosticsManager] LAST_CLOSED_TRANSACTION_LOG_BYTE_OFFSET (Byte offset in the log file where the last transaction commit entry has been written into): 16
2018-04-01 02:54:30.577+0000 INFO [o.n.k.i.DiagnosticsManager] LAST_TRANSACTION_COMMIT_TIMESTAMP (Commit time timestamp for last committed transaction): 0
2018-04-01 02:54:30.582+0000 INFO [o.n.k.i.DiagnosticsManager] UPGRADE_TRANSACTION_COMMIT_TIMESTAMP (Commit timestamp of transaction the most recent upgrade was performed at): 0
2018-04-01 02:54:30.586+0000 INFO [o.n.k.i.DiagnosticsManager] --- STARTED diagnostics for NEO_STORE_RECORDS END ---
2018-04-01 02:54:30.591+0000 INFO [o.n.k.i.DiagnosticsManager] --- STARTED diagnostics for TRANSACTION_RANGE START ---
2018-04-01 02:54:30.596+0000 INFO [o.n.k.i.DiagnosticsManager] Transaction log:
2018-04-01 02:54:30.601+0000 INFO [o.n.k.i.DiagnosticsManager] No transactions found in any log
2018-04-01 02:54:30.606+0000 INFO [o.n.k.i.DiagnosticsManager] --- STARTED diagnostics for TRANSACTION_RANGE END ---
2018-04-01 02:54:30.619+0000 INFO [o.n.k.i.DiagnosticsManager] --- STARTED diagnostics for KernelDiagnostics:StoreFiles START ---
2018-04-01 02:54:30.624+0000 INFO [o.n.k.i.DiagnosticsManager] Disk space on partition (Total / Free / Free %): 255246462976 / 170635726848 / 66
2018-04-01 02:54:30.629+0000 INFO [o.n.k.i.DiagnosticsManager] Storage files: (filename : modification date - size)
2018-04-01 02:54:30.635+0000 INFO [o.n.k.i.DiagnosticsManager]   index:
2018-04-01 02:54:30.640+0000 INFO [o.n.k.i.DiagnosticsManager]   - Total: 2018-03-31T22:54:29-0400 - 0.00 B
2018-04-01 02:54:30.644+0000 INFO [o.n.k.i.DiagnosticsManager]   logs:
2018-04-01 02:54:30.650+0000 INFO [o.n.k.i.DiagnosticsManager]     debug.log: 2018-03-31T22:54:28-0400 - 39.56 kB
2018-04-01 02:54:30.655+0000 INFO [o.n.k.i.DiagnosticsManager]   - Total: 2018-03-31T22:54:28-0400 - 39.56 kB
2018-04-01 02:54:30.660+0000 INFO [o.n.k.i.DiagnosticsManager]   neostore: 2018-03-31T22:54:29-0400 - 8.00 kB
2018-04-01 02:54:30.666+0000 INFO [o.n.k.i.DiagnosticsManager]   neostore.counts.db.a: 2018-03-31T22:54:29-0400 - 96.00 B
2018-04-01 02:54:30.671+0000 INFO [o.n.k.i.DiagnosticsManager]   neostore.id: 2018-03-31T22:54:29-0400 - 9.00 B
2018-04-01 02:54:30.676+0000 INFO [o.n.k.i.DiagnosticsManager]   neostore.labelscanstore.db: 2018-03-31T22:54:29-0400 - 40.00 kB
2018-04-01 02:54:30.680+0000 INFO [o.n.k.i.DiagnosticsManager]   neostore.labeltokenstore.db: 2018-03-31T22:54:29-0400 - 0.00 B
2018-04-01 02:54:30.686+0000 INFO [o.n.k.i.DiagnosticsManager]   neostore.labeltokenstore.db.id: 2018-03-31T22:54:29-0400 - 9.00 B
2018-04-01 02:54:30.690+0000 INFO [o.n.k.i.DiagnosticsManager]   neostore.labeltokenstore.db.names: 2018-03-31T22:54:29-0400 - 8.00 kB
2018-04-01 02:54:30.696+0000 INFO [o.n.k.i.DiagnosticsManager]   neostore.labeltokenstore.db.names.id: 2018-03-31T22:54:29-0400 - 9.00 B
2018-04-01 02:54:30.700+0000 INFO [o.n.k.i.DiagnosticsManager]   neostore.nodestore.db: 2018-03-31T22:54:29-0400 - 0.00 B
2018-04-01 02:54:30.706+0000 INFO [o.n.k.i.DiagnosticsManager]   neostore.nodestore.db.id: 2018-03-31T22:54:29-0400 - 9.00 B
2018-04-01 02:54:30.711+0000 INFO [o.n.k.i.DiagnosticsManager]   neostore.nodestore.db.labels: 2018-03-31T22:54:29-0400 - 8.00 kB
2018-04-01 02:54:30.716+0000 INFO [o.n.k.i.DiagnosticsManager]   neostore.nodestore.db.labels.id: 2018-03-31T22:54:29-0400 - 9.00 B
2018-04-01 02:54:30.720+0000 INFO [o.n.k.i.DiagnosticsManager]   neostore.propertystore.db: 2018-03-31T22:54:29-0400 - 0.00 B
2018-04-01 02:54:30.725+0000 INFO [o.n.k.i.DiagnosticsManager]   neostore.propertystore.db.arrays: 2018-03-31T22:54:29-0400 - 8.00 kB
2018-04-01 02:54:30.730+0000 INFO [o.n.k.i.DiagnosticsManager]   neostore.propertystore.db.arrays.id: 2018-03-31T22:54:29-0400 - 9.00 B
2018-04-01 02:54:30.736+0000 INFO [o.n.k.i.DiagnosticsManager]   neostore.propertystore.db.id: 2018-03-31T22:54:29-0400 - 9.00 B
2018-04-01 02:54:30.740+0000 INFO [o.n.k.i.DiagnosticsManager]   neostore.propertystore.db.index: 2018-03-31T22:54:29-0400 - 0.00 B
2018-04-01 02:54:30.746+0000 INFO [o.n.k.i.DiagnosticsManager]   neostore.propertystore.db.index.id: 2018-03-31T22:54:29-0400 - 9.00 B
2018-04-01 02:54:30.751+0000 INFO [o.n.k.i.DiagnosticsManager]   neostore.propertystore.db.index.keys: 2018-03-31T22:54:29-0400 - 8.00 kB
2018-04-01 02:54:30.756+0000 INFO [o.n.k.i.DiagnosticsManager]   neostore.propertystore.db.index.keys.id: 2018-03-31T22:54:29-0400 - 9.00 B
2018-04-01 02:54:30.761+0000 INFO [o.n.k.i.DiagnosticsManager]   neostore.propertystore.db.strings: 2018-03-31T22:54:29-0400 - 8.00 kB
2018-04-01 02:54:30.766+0000 INFO [o.n.k.i.DiagnosticsManager]   neostore.propertystore.db.strings.id: 2018-03-31T22:54:29-0400 - 9.00 B
2018-04-01 02:54:30.772+0000 INFO [o.n.k.i.DiagnosticsManager]   neostore.relationshipgroupstore.db: 2018-03-31T22:54:29-0400 - 8.00 kB
2018-04-01 02:54:30.777+0000 INFO [o.n.k.i.DiagnosticsManager]   neostore.relationshipgroupstore.db.id: 2018-03-31T22:54:29-0400 - 9.00 B
2018-04-01 02:54:30.782+0000 INFO [o.n.k.i.DiagnosticsManager]   neostore.relationshipstore.db: 2018-03-31T22:54:29-0400 - 0.00 B
2018-04-01 02:54:30.787+0000 INFO [o.n.k.i.DiagnosticsManager]   neostore.relationshipstore.db.id: 2018-03-31T22:54:29-0400 - 9.00 B
2018-04-01 02:54:30.792+0000 INFO [o.n.k.i.DiagnosticsManager]   neostore.relationshiptypestore.db: 2018-03-31T22:54:29-0400 - 0.00 B
2018-04-01 02:54:30.798+0000 INFO [o.n.k.i.DiagnosticsManager]   neostore.relationshiptypestore.db.id: 2018-03-31T22:54:29-0400 - 9.00 B
2018-04-01 02:54:30.802+0000 INFO [o.n.k.i.DiagnosticsManager]   neostore.relationshiptypestore.db.names: 2018-03-31T22:54:29-0400 - 8.00 kB
2018-04-01 02:54:30.807+0000 INFO [o.n.k.i.DiagnosticsManager]   neostore.relationshiptypestore.db.names.id: 2018-03-31T22:54:29-0400 - 9.00 B
2018-04-01 02:54:30.814+0000 INFO [o.n.k.i.DiagnosticsManager]   neostore.schemastore.db: 2018-03-31T22:54:29-0400 - 8.00 kB
2018-04-01 02:54:30.820+0000 INFO [o.n.k.i.DiagnosticsManager]   neostore.schemastore.db.id: 2018-03-31T22:54:29-0400 - 9.00 B
2018-04-01 02:54:30.824+0000 INFO [o.n.k.i.DiagnosticsManager]   neostore.transaction.db.0: 2018-03-31T22:54:29-0400 - 16.00 B
2018-04-01 02:54:30.831+0000 INFO [o.n.k.i.DiagnosticsManager]   store_lock: 2018-03-31T22:54:29-0400 - 0.00 B
2018-04-01 02:54:30.836+0000 INFO [o.n.k.i.DiagnosticsManager] Storage summary: 
2018-04-01 02:54:30.840+0000 INFO [o.n.k.i.DiagnosticsManager]   Total size of store: 151.80 kB
2018-04-01 02:54:30.845+0000 INFO [o.n.k.i.DiagnosticsManager]   Total size of mapped files: 112.00 kB
2018-04-01 02:54:30.849+0000 INFO [o.n.k.i.DiagnosticsManager] --- STARTED diagnostics for KernelDiagnostics:StoreFiles END ---
2018-04-01 02:54:34.048+0000 INFO [o.n.k.i.f.GraphDatabaseFacadeFactory] Shutdown started
2018-04-01 02:54:34.056+0000 INFO [o.n.k.i.f.GraphDatabaseFacadeFactory] Database is now unavailable
2018-04-01 02:54:34.067+0000 INFO [o.n.k.i.t.l.c.CheckPointerImpl] Check Pointing triggered by database shutdown [8]:  Starting check pointing...
2018-04-01 02:54:34.074+0000 INFO [o.n.k.i.t.l.c.CheckPointerImpl] Check Pointing triggered by database shutdown [8]:  Starting store flush...
2018-04-01 02:54:34.088+0000 INFO [o.n.k.i.s.c.CountsTracker] About to rotate counts store at transaction 8 to [C:\Users\Dube1\workspace\HW5_COP3710_8586\target\movies-db\neostore.counts.db.b], from [C:\Users\Dube1\workspace\HW5_COP3710_8586\target\movies-db\neostore.counts.db.a].
2018-04-01 02:54:34.097+0000 INFO [o.n.k.i.s.c.CountsTracker] Successfully rotated counts store at transaction 8 to [C:\Users\Dube1\workspace\HW5_COP3710_8586\target\movies-db\neostore.counts.db.b], from [C:\Users\Dube1\workspace\HW5_COP3710_8586\target\movies-db\neostore.counts.db.a].
2018-04-01 02:54:34.122+0000 INFO [o.n.k.i.t.l.c.CheckPointerImpl] Check Pointing triggered by database shutdown [8]:  Store flush completed
2018-04-01 02:54:34.128+0000 INFO [o.n.k.i.t.l.c.CheckPointerImpl] Check Pointing triggered by database shutdown [8]:  Starting appending check point entry into the tx log...
2018-04-01 02:54:34.137+0000 INFO [o.n.k.i.t.l.c.CheckPointerImpl] Check Pointing triggered by database shutdown [8]:  Appending check point entry into the tx log completed
2018-04-01 02:54:34.143+0000 INFO [o.n.k.i.t.l.c.CheckPointerImpl] Check Pointing triggered by database shutdown [8]:  Check pointing completed
2018-04-01 02:54:34.150+0000 INFO [o.n.k.i.t.l.p.LogPruningImpl] Log Rotation [0]:  Starting log pruning.
2018-04-01 02:54:34.157+0000 INFO [o.n.k.i.t.l.p.LogPruningImpl] Log Rotation [0]:  Log pruning complete.
2018-04-01 02:54:34.305+0000 INFO [o.n.k.i.DiagnosticsManager] --- STOPPING diagnostics START ---
2018-04-01 02:54:34.305+0000 INFO [o.n.k.i.DiagnosticsManager] --- STOPPING diagnostics END ---
